This is pdfTeX, Version 3.14159265-2.6-1.40.20 (TeX Live 2019/Debian) (preloaded format=pdflatex 2019.12.1)  3 DEC 2019 15:45
entering extended mode
 restricted \write18 enabled.
 %&-line parsing enabled.
**/home/jackm/project363/PresentationFile.org
(/home/jackm/project363/PresentationFile.org
LaTeX2e <2018-12-01>
! You can't use `macro parameter character #' in vertical mode.
l.1 #
     +OPTIONS: ':t *:t -:t ::t <:t H:3 \n:nil ^:t arch:headline author:t
? 
! Emergency stop.
l.1 #
     +OPTIONS: ':t *:t -:t ::t <:t H:3 \n:nil ^:t arch:headline author:t
End of file on the terminal!

 
Here is how much of TeX's memory you used:
 7 strings out of 494553
 241 string characters out of 6177377
 52208 words of memory out of 5000000
 3775 multiletter control sequences out of 15000+600000
 3640 words of font info for 14 fonts, out of 8000000 for 9000
 14 hyphenation exceptions out of 8191
 5i,0n,1p,114b,8s stack positions out of 5000i,500n,10000p,200000b,80000s
!  ==> Fatal error occurred, no output PDF file produced!
